2025-07-31 17:22:25 | Religious Beliefs and Practices | score=0.80 | https://www.pewresearch.org/religion/2012/01/12/mormons-in-america-beliefs-and-practices/
2025-07-31 17:22:25 | Mormonism Research Ministry | score=0.80 | https://mrm.org/
2025-07-31 17:22:26 | Gordon Monson: My LDS faith in God soothes in time | score=0.80 | https://www.sltrib.com/religion/2025/07/11/my-lds-faith-sees-me-through-tough/
2025-07-31 17:22:39 | Jesus Christ Is Our Savior | score=0.80 | https://jesuschrist.lds.org/
2025-07-31 17:22:40 | Jesus Christ | score=0.80 | https://www.lds.org/topics/jesus-christ?lang=eng&old=true
2025-07-31 17:31:23 | Student Guide to Artificial Intelligence | score=0.80 | https://studentguidetoai.org/
2025-07-31 17:31:24 | What Defines Artificial Intelligence? The Complete | score=0.80 | https://www.wired.com/story/guide-artificial-intelligence/
2025-07-31 17:31:33 | Guide | score=0.80 | https://www.guide.com/
2025-07-31 17:31:34 | Tutorials for Artificial Intelligence (AI) | score=0.80 | https://guides.ai/
2025-07-31 17:33:11 | Blockchain: Research and Applications | score=0.80 | https://www.sciencedirect.com/journal/blockchain-research-and-applications
2025-07-31 17:33:19 | Stanford Center for Blockchain Research | score=0.80 | https://cbr.stanford.edu/
2025-07-31 17:33:22 | Blockchain Research Institute | score=0.80 | https://www.blockchainresearchinstitute.org/
2025-07-31 17:33:37 | Blockchain Research Lab – Non-profit research inst | score=0.80 | https://www.blockchainresearchlab.org/
2025-07-31 17:33:39 | Blockchain Research Center | score=0.80 | https://blockchain-research-center.com/
2025-07-31 17:33:40 | Blockchain | score=0.80 | https://www.blockchain.com/research
2025-07-31 17:39:53 | Learning Guides | score=0.80 | https://takinglearningseriously.com/learning-guides/
2025-07-31 17:39:57 | LinkedIn Learning: Online Training Courses & Skill | score=0.80 | https://www.linkedin.com/learning/
2025-07-31 17:39:58 | Microsoft Learn: Build skills that open doors in y | score=0.80 | https://learn.microsoft.com/en-us/
2025-07-31 17:40:11 | Your Complete Guide on Learning How to Learn | score=0.80 | https://medium.com/skilluped/your-complete-guide-on-learning-how-to-learn-96d9b28222f5
2025-07-31 17:43:00 | Amazon.com | score=0.80 | https://www.amazon.com/Quantum-Perplexed-Dr-Jim-Al-Khalili/dp/1841882380
2025-07-31 17:43:01 | IBM Quantum Learning | score=0.80 | https://learning.quantum.ibm.com/
2025-07-31 17:43:03 | Reference Guide for Quantum Computing | score=0.80 | https://www.microsoft.com/en-us/garage/profiles/reference-guide-for-quantum-computing/?msockid=177a2b4eaadc6f86251b3ff1ab416e0c
2025-07-31 17:43:16 | [1904.06560] A Quantum Engineer's Guide to Superco | score=0.80 | https://arxiv.org/abs/1904.06560
2025-07-31 17:43:17 | Introduction to Quantum Information Science | score=0.80 | https://qubit.guide/
2025-07-31 17:52:33 | Agency for Healthcare Research and Quality | score=0.90 | https://www.ahrq.gov
2025-07-31 17:52:34 | Healthcare Research & Technology Advancements | score=0.90 | https://health.google/health-research/
2025-07-31 17:52:38 | The Value, Importance, and Oversight of Health Res | score=0.90 | https://www.ncbi.nlm.nih.gov/books/NBK9571/
2025-07-31 17:53:04 | Homepage | score=0.90 | https://www.pcori.org/
2025-07-31 17:53:06 | Healthcare Research and Data (HealthCore) | score=0.90 | https://www.carelonresearch.com/
2025-07-31 17:53:07 | HealthCare Research | score=0.90 | https://www.healthcareresearch.com/
2025-07-31 17:54:32 | HCA Healthcare Research Institute | score=0.90 | https://hcahealthcare.com/physicians/hca-healthcare-research-institute.dot
2025-07-31 17:54:34 | Agency for Healthcare Research and Quality (AHRQ) | score=0.90 | https://www.usa.gov/agencies/agency-for-healthcare-research-and-quality
2025-07-31 17:54:37 | Hennepin Healthcare Research Institute | score=0.90 | https://www.hhrinstitute.org/
2025-07-31 18:12:42 | Center for Health Policy and Healthcare Research – | score=0.90 | https://chphr.northeastern.edu/
2025-07-31 18:12:43 | RAND Health Care | score=0.90 | https://www.rand.org/health-care.html
2025-07-31 18:14:16 | BMC Health Services Research | score=0.90 | https://bmchealthservres.biomedcentral.com/
2025-07-31 18:14:18 | Healthcare Research - an overview | score=0.90 | https://www.sciencedirect.com/topics/medicine-and-dentistry/healthcare-research
2025-07-31 18:29:46 | Agency for Healthcare Research and Quality | score=0.90 | https://en.wikipedia.org/wiki/Agency_for_Healthcare_Research_and_Quality
2025-07-31 18:31:14 | Tips about the Health Insurance Marketplace® | score=0.90 | https://www.healthcare.gov/quick-guide/one-page-guide-to-the-marketplace/
2025-07-31 18:31:15 | Amazon.com | score=0.90 | https://www.amazon.com/Health-Care-Handbook-Concise-United/dp/0692244735
2025-07-31 18:49:37 | Healthcare & Insurance | score=0.90 | https://www.opm.gov/healthcare-insurance/
2025-07-31 18:51:51 | A Guide to Promoting Health Care Workforce Well-Be | score=0.90 | https://www.ihi.org/resources/publications/guide-promoting-health-care-workforce-well-being-during-and-after-covid-19
2025-07-31 18:58:04 | Clinical Guidelines and Recommendations | score=0.90 | https://www.ahrq.gov/prevention/guidelines/index.html
2025-07-31 18:59:29 | Who are "Health guides" and how do they help membe | score=0.90 | https://www.rightwayhealthcare.com/blog/who-are-health-guides-and-how-do-they-help-members
2025-07-31 18:59:41 | Home - Centers for Medicare & Medicaid Services | score=0.90 | https://www.cms.gov/
2025-07-31 18:59:44 | Health Care Originals | score=0.90 | https://www.healthcareoriginals.com/
2025-07-31 19:01:06 | What Original Medicare covers | score=0.90 | https://www.medicare.gov/providers-services/original-medicare
2025-07-31 19:02:37 | Health Care Originals® | score=0.90 | https://www.linkedin.com/company/healthcareoriginals
2025-07-31 19:02:39 | Health Care Originals Inc. | score=0.90 | https://nextcorps.org/health-care-originals-inc/
2025-07-31 19:13:32 | Health insurance plans | score=0.90 | https://www.uhc.com
2025-07-31 19:58:54 | Preventive health services | score=0.90 | https://www.healthcare.gov/coverage/preventive-care-benefits/
2025-07-31 19:58:55 | Healthcare : Compare 2025 Plans | score=0.90 | https://www.opm.gov/healthcare-insurance/healthcare/plan-information/compare-plans/
2025-07-31 20:03:04 | Guide to the Healthcare Industry | score=0.90 | https://us.sagepub.com/en-us/nam/guide-to-the-healthcare-industry/book285565
2025-07-31 20:03:06 | Product Testing and Research | score=0.90 | https://www.consumerreports.org/about-us/what-we-do/research-testing/
2025-07-31 20:04:29 | The Research Process | score=0.90 | https://resources.nu.edu/researchprocess/testsandmeasurements
2025-07-31 20:04:33 | Human subject research | score=0.90 | https://en.wikipedia.org/wiki/Human_subject_research
2025-07-31 20:04:34 | Different tests for a difference: how do we do res | score=0.90 | https://pmc.ncbi.nlm.nih.gov/articles/PMC3372709/
2025-07-31 20:05:58 | The National Organization of Test, Research and Tr | score=0.90 | https://www.trtr.org/
2025-07-31 20:05:59 | User Research & Usability Testing Tool | score=0.90 | https://www.lyssna.com/
2025-07-31 20:37:49 | The T-Test | score=0.90 | https://conjointly.com/kb/statistical-student-t-test/
2025-07-31 20:37:51 | Global education and talent solutions | score=0.90 | https://www.ets.org/
2025-07-31 20:37:52 | Take a Test | score=0.90 | https://implicit.harvard.edu/implicit/takeatest.html
2025-07-31 20:39:17 | How to Choose the Right Statistical Test | score=0.90 | https://www.enago.com/academy/right-statistical-test/
2025-07-31 20:39:18 | Sensitivity tests – Sensitivity Research | score=0.90 | https://sensitivityresearch.com/self-tests/
2025-07-31 20:43:38 | Agency for Healthcare Research and Quality | score=0.90 | https://www.ahrq.gov
2025-07-31 20:43:39 | Healthcare Research & Technology Advancements | score=0.90 | https://health.google/health-research/
2025-07-31 20:43:41 | The Value, Importance, and Oversight of Health Res | score=0.90 | https://www.ncbi.nlm.nih.gov/books/NBK9571/
2025-07-31 20:44:05 | Homepage | score=0.90 | https://www.pcori.org/
2025-07-31 20:44:06 | Healthcare Research and Data (HealthCore) | score=0.90 | https://www.carelonresearch.com/
2025-07-31 20:44:07 | HealthCare Research | score=0.90 | https://www.healthcareresearch.com/
2025-07-31 20:45:27 | HCA Healthcare Research Institute | score=0.90 | https://hcahealthcare.com/physicians/hca-healthcare-research-institute.dot
2025-07-31 20:45:28 | Agency for Healthcare Research and Quality (AHRQ) | score=0.90 | https://www.usa.gov/agencies/agency-for-healthcare-research-and-quality
2025-07-31 20:45:29 | Hennepin Healthcare Research Institute | score=0.90 | https://www.hhrinstitute.org/
2025-07-31 20:46:48 | Center for Health Policy and Healthcare Research – | score=0.90 | https://chphr.northeastern.edu/
2025-07-31 20:46:49 | BMC Health Services Research | score=0.90 | https://bmchealthservres.biomedcentral.com/
2025-07-31 20:48:15 | RAND Health Care | score=0.90 | https://www.rand.org/health-care.html
2025-07-31 20:48:16 | Agency for Healthcare Research and Quality | score=0.90 | https://en.wikipedia.org/wiki/Agency_for_Healthcare_Research_and_Quality
2025-07-31 20:48:18 | Healthcare Research - an overview | score=0.90 | https://www.sciencedirect.com/topics/medicine-and-dentistry/healthcare-research
2025-07-31 20:49:38 | Tips about the Health Insurance Marketplace® | score=0.90 | https://www.healthcare.gov/quick-guide/one-page-guide-to-the-marketplace/
2025-07-31 20:49:38 | Amazon.com | score=0.90 | https://www.amazon.com/Health-Care-Handbook-Concise-United/dp/0692244735
2025-07-31 20:50:58 | Healthcare & Insurance | score=0.90 | https://www.opm.gov/healthcare-insurance/
2025-07-31 20:53:26 | Home - Centers for Medicare & Medicaid Services | score=0.90 | https://www.cms.gov/
2025-07-31 20:54:46 | A Guide to Promoting Health Care Workforce Well-Be | score=0.90 | https://www.ihi.org/resources/publications/guide-promoting-health-care-workforce-well-being-during-and-after-covid-19
2025-07-31 20:56:06 | Who are "Health guides" and how do they help membe | score=0.90 | https://www.rightwayhealthcare.com/blog/who-are-health-guides-and-how-do-they-help-members
2025-07-31 20:56:09 | Product Testing and Research | score=0.90 | https://www.consumerreports.org/about-us/what-we-do/research-testing/
2025-07-31 20:57:30 | The Research Process | score=0.90 | https://resources.nu.edu/researchprocess/testsandmeasurements
2025-07-31 20:57:31 | Different tests for a difference: how do we do res | score=0.90 | https://pmc.ncbi.nlm.nih.gov/articles/PMC3372709/
2025-07-31 20:58:53 | The National Organization of Test, Research and Tr | score=0.90 | https://www.trtr.org/
2025-07-31 20:58:55 | User Research & Usability Testing Tool | score=0.90 | https://www.lyssna.com/
2025-07-31 21:00:20 | The T-Test | score=0.90 | https://conjointly.com/kb/statistical-student-t-test/
2025-07-31 21:00:21 | Take a Test | score=0.90 | https://implicit.harvard.edu/implicit/takeatest.html
2025-07-31 21:00:22 | Global education and talent solutions | score=0.90 | https://www.ets.org/
2025-07-31 21:01:44 | How to Choose the Right Statistical Test | score=0.90 | https://www.enago.com/academy/right-statistical-test/
2025-07-31 21:01:45 | Sensitivity tests – Sensitivity Research | score=0.90 | https://sensitivityresearch.com/self-tests/
2025-07-31 21:03:05 | What is a test in research methodology and its typ | score=0.90 | https://www.quora.com/What-is-a-test-in-research-methodology-and-its-types
2025-07-31 21:03:07 | Free Practice Tests, Study Tools, and Online Cours | score=0.90 | https://www.test-guide.com/
2025-07-31 21:04:26 | Test Prep Review (Free Practice Tests) | score=0.90 | https://www.testprepreview.com/
2025-07-31 21:04:27 | Test Guides and Resource Booklets for State and Lo | score=0.90 | https://www.cs.ny.gov/testing/testguides.cfm
2025-07-31 21:05:47 | Free ACT Practice Tests and Prep | score=0.90 | https://www.act.org/content/act/en/products-and-services/the-act/test-preparation/free-act-test-prep.html
2025-07-31 21:05:48 | tracetronic GmbH | score=0.90 | https://www.tracetronic.com/products/test-guide/
2025-07-31 21:07:13 | Antech Diagnostics | score=0.90 | https://www.antechdiagnostics.com/test-guide/
2025-07-31 21:07:14 | Study Guide Zone (Free Guides & Practice Tests) | score=0.90 | https://www.studyguidezone.com/
2025-07-31 21:08:42 | Test Prep Courses, Practice Tests, & Tutoring | score=0.90 | https://www.kaptest.com
2025-07-31 21:10:10 | Teacher Certification Exam Study Guides | score=0.90 | https://www.240tutoring.com/
2025-07-31 21:11:31 | RESEARCH Definition & Meaning | score=0.90 | https://www.merriam-webster.com/dictionary/research
2025-07-31 21:11:31 | Research | score=0.90 | https://www.researchresearch.com/
2025-07-31 21:12:57 | Research on Research | score=0.90 | https://researchonresearch.org/
2025-07-31 21:12:58 | How to Do Research: A Step-By-Step Guide | score=0.90 | https://libguides.elmira.edu/research
2025-07-31 21:14:27 | What is Research? | score=0.90 | https://www.hampshire.edu/offices/office-dean-faculty/irb-research-human-subjects/irb-general-information/what-research
2025-07-31 21:14:29 | research | score=0.90 | https://dictionary.cambridge.org/dictionary/english/research
2025-07-31 21:14:31 | Definition of Research | score=0.90 | https://www.westernsydney.edu.au/research/researchers/preparing_a_grant_application/dest_definition_of_research
2025-07-31 21:15:51 | ResearchMatch | score=0.90 | https://www.researchmatch.org/
2025-07-31 21:15:52 | Explore Our Latest Research in Science and AI | score=0.90 | https://research.google/
2025-07-31 21:15:54 | Definition, Types, Methods & Examples | score=0.90 | https://www.questionpro.com/blog/what-is-research/
2025-07-31 21:17:20 | What is Research? Definition, Types, Methods and P | score=0.90 | https://ideascale.com/blog/what-is-research/
2025-07-31 21:17:22 | Basic Steps in the Research Process | score=0.90 | https://www.nhcc.edu/academics/library/doing-library-research/basic-steps-research-process
2025-07-31 21:17:23 | A Research Guide for Students | score=0.90 | https://www.aresearchguide.com/
2025-07-31 21:18:42 | Research Guides at Library of Congress | score=0.90 | https://guides.loc.gov/
2025-07-31 21:18:43 | Organizing Your Social Sciences Research Paper | score=0.90 | https://libguides.usc.edu/writingguide
2025-07-31 21:18:44 | Research Guides at University of Minnesota Minneap | score=0.90 | https://libguides.umn.edu/
2025-07-31 21:20:06 | What are Research Guides, where can I find them, a | score=0.90 | https://libanswers.snhu.edu/faq/35051
2025-07-31 21:21:27 | Research Guides at University of Michigan Library | score=0.90 | https://guides.lib.umich.edu/
2025-07-31 21:21:27 | Research Guides at Syracuse University Libraries | score=0.90 | https://researchguides.library.syr.edu/
2025-07-31 21:21:28 | Research Guides at University of Oregon Libraries | score=0.90 | https://researchguides.uoregon.edu/
2025-07-31 21:22:49 | The National Archives | score=0.90 | https://www.nationalarchives.gov.uk/help-with-your-research/research-guides/
2025-07-31 21:22:49 | Law Library of Congress | score=0.90 | https://www.loc.gov/research-centers/law-library-of-congress/researcher-resources/research-guides/
